<?xml version="1.0" encoding="UTF-8" ?>
<testsuite tests="17" failures="17" name="TestSuite" time="0.059" errors="0" skipped="0">
  <properties>
    <property name="java.runtime.name" value="Java(TM) SE Runtime Environment"/>
    <property name="sun.boot.library.path" value="C:\Program Files\Java\jre1.8.0_151\bin"/>
    <property name="java.vm.version" value="25.151-b12"/>
    <property name="java.vm.vendor" value="Oracle Corporation"/>
    <property name="maven.multiModuleProjectDirectory" value="D:\WorkSapce\Keyword"/>
    <property name="java.vendor.url" value="http://java.oracle.com/"/>
    <property name="path.separator" value=";"/>
    <property name="guice.disable.misplaced.annotation.check" value="true"/>
    <property name="java.vm.name" value="Java HotSpot(TM) 64-Bit Server VM"/>
    <property name="file.encoding.pkg" value="sun.io"/>
    <property name="user.script" value=""/>
    <property name="user.country" value="US"/>
    <property name="sun.java.launcher" value="SUN_STANDARD"/>
    <property name="sun.os.patch.level" value=""/>
    <property name="java.vm.specification.name" value="Java Virtual Machine Specification"/>
    <property name="user.dir" value="D:\WorkSapce\Keyword"/>
    <property name="java.runtime.version" value="1.8.0_151-b12"/>
    <property name="java.awt.graphicsenv" value="sun.awt.Win32GraphicsEnvironment"/>
    <property name="java.endorsed.dirs" value="C:\Program Files\Java\jre1.8.0_151\lib\endorsed"/>
    <property name="os.arch" value="amd64"/>
    <property name="java.io.tmpdir" value="C:\Users\HP\AppData\Local\Temp\"/>
    <property name="line.separator" value="
"/>
    <property name="java.vm.specification.vendor" value="Oracle Corporation"/>
    <property name="user.variant" value=""/>
    <property name="os.name" value="Windows 10"/>
    <property name="classworlds.conf" value="D:\WorkSapce\.metadata\.plugins\org.eclipse.m2e.launching\launches\m2conf1376772689391916786.tmp"/>
    <property name="sun.jnu.encoding" value="Cp1252"/>
    <property name="java.library.path" value="C:\Program Files\Java\jre1.8.0_151\bin;C:\WINDOWS\Sun\Java\bin;C:\WINDOWS\system32;C:\WINDOWS;C:/Program Files/Java/jre1.8.0_151/bin/server;C:/Program Files/Java/jre1.8.0_151/bin;C:/Program Files/Java/jre1.8.0_151/lib/amd64;C:\ProgramData\Oracle\Java\javapath;C:\WINDOWS\system32;C:\WINDOWS;C:\WINDOWS\System32\Wbem;C:\WINDOWS\System32\WindowsPowerShell\v1.0\;C:\Program Files (x86)\Intel\Intel(R) Management Engine Components\DAL;C:\Program Files\Intel\Intel(R) Management Engine Components\DAL;C:\Program Files (x86)\Intel\Intel(R) Management Engine Components\IPT;C:\Program Files\Intel\Intel(R) Management Engine Components\IPT;C:\WINDOWS\System32\OpenSSH\;c:\xampp\mysql\bin\mysqld.exe --defaults-file=c:\xampp\mysql\bin\my.ini;C:\xampp1\php;D:\Xampp\php;C:\ProgramData\ComposerSetup\bin;C:\Program Files\Java\jdk1.8.0_151\bin;C:\Program Files\Java\jre1.8.0_151\bin;D:\Git\cmd;&quot;C:\Users\HP\AppData\Local\Microsoft\WindowsApps; C:\XAMPP.PHP;&quot;;C:\Program Files\Java\jdk1.8.0_11\bin;C:\Java\jre1.8.0_161\bin;C:\XAMPP.php;&quot;C:\XAMPP.PHP;C:\Users\HP\AppData\Roaming\Composer\vendor\bin;C:\Users\HP\AppData\Local\Microsoft\WindowsApps;C:\Users\HP\AppData\Local\Programs\Microsoft VS Code\bin&quot;;C:\Program Files\Java\jdk1.8.0_151\bin;C:\Users\HP\Downloads\apache-maven-3.6.3-bin\apache-maven-3.6.3\bin;;C:\Users\HP\Desktop;;."/>
    <property name="java.specification.name" value="Java Platform API Specification"/>
    <property name="java.class.version" value="52.0"/>
    <property name="sun.management.compiler" value="HotSpot 64-Bit Tiered Compilers"/>
    <property name="os.version" value="10.0"/>
    <property name="user.home" value="C:\Users\HP"/>
    <property name="user.timezone" value="Asia/Calcutta"/>
    <property name="java.awt.printerjob" value="sun.awt.windows.WPrinterJob"/>
    <property name="java.specification.version" value="1.8"/>
    <property name="file.encoding" value="Cp1252"/>
    <property name="user.name" value="HP"/>
    <property name="java.class.path" value="C:\Users\HP\.p2\pool\plugins\org.eclipse.m2e.maven.runtime_1.13.0.20190716-1623\jars\plexus-classworlds-2.6.0.jar"/>
    <property name="java.vm.specification.version" value="1.8"/>
    <property name="sun.arch.data.model" value="64"/>
    <property name="java.home" value="C:\Program Files\Java\jre1.8.0_151"/>
    <property name="sun.java.command" value="org.codehaus.plexus.classworlds.launcher.Launcher -B test"/>
    <property name="java.specification.vendor" value="Oracle Corporation"/>
    <property name="user.language" value="en"/>
    <property name="awt.toolkit" value="sun.awt.windows.WToolkit"/>
    <property name="java.vm.info" value="mixed mode"/>
    <property name="java.version" value="1.8.0_151"/>
    <property name="java.ext.dirs" value="C:\Program Files\Java\jre1.8.0_151\lib\ext;C:\WINDOWS\Sun\Java\lib\ext"/>
    <property name="sun.boot.class.path" value="C:\Program Files\Java\jre1.8.0_151\lib\resources.jar;C:\Program Files\Java\jre1.8.0_151\lib\rt.jar;C:\Program Files\Java\jre1.8.0_151\lib\sunrsasign.jar;C:\Program Files\Java\jre1.8.0_151\lib\jsse.jar;C:\Program Files\Java\jre1.8.0_151\lib\jce.jar;C:\Program Files\Java\jre1.8.0_151\lib\charsets.jar;C:\Program Files\Java\jre1.8.0_151\lib\jfr.jar;C:\Program Files\Java\jre1.8.0_151\classes"/>
    <property name="java.vendor" value="Oracle Corporation"/>
    <property name="maven.home" value="D:\WorkSapce\Keyword\EMBEDDED"/>
    <property name="file.separator" value="\"/>
    <property name="java.vendor.url.bug" value="http://bugreport.sun.com/bugreport/"/>
    <property name="sun.cpu.endian" value="little"/>
    <property name="sun.io.unicode.encoding" value="UnicodeLittle"/>
    <property name="sun.desktop" value="windows"/>
    <property name="sun.cpu.isalist" value="amd64"/>
  </properties>
  <testcase classname="Amezon_Test" name="tc_01" time="0.03">
    <failure message="Unresolved compilation problem: 
	Cannot switch on a value of type String for source level below 1.7. Only convertible int values or enum variables are permitted
" type="java.lang.Error">java.lang.Error: Unresolved compilation problem: 
	Cannot switch on a value of type String for source level below 1.7. Only convertible int values or enum variables are permitted

	at Keyword.Keyword.openBrowser(Keyword.java:44)
	at Amezon_Test.tc_01(Amezon_Test.java:18)
</failure>
    <system-out>Configuring TestNG with: org.apache.maven.surefire.testng.conf.TestNG652Configurator@2a18f23c
</system-out>
  </testcase>
  <testcase classname="Amezon_Test" name="tc_02" time="0.004">
    <failure type="java.lang.NullPointerException">java.lang.NullPointerException
	at Keyword.Keyword.openURL(Keyword.java:60)
	at Amezon_Test.tc_02(Amezon_Test.java:23)
</failure>
  </testcase>
  <testcase classname="Amezon_Test" name="tc_03" time="0.002">
    <failure message="Unresolved compilation problem: 
	Cannot switch on a value of type String for source level below 1.7. Only convertible int values or enum variables are permitted
" type="java.lang.Error">java.lang.Error: Unresolved compilation problem: 
	Cannot switch on a value of type String for source level below 1.7. Only convertible int values or enum variables are permitted

	at Keyword.Keyword.getWebElement(Keyword.java:18)
	at Keyword.Keyword.clickOnElement(Keyword.java:68)
	at Amezon_Test.tc_03(Amezon_Test.java:31)
</failure>
  </testcase>
  <testcase classname="Amezon_Test" name="tc_04" time="0.004">
    <failure type="java.lang.NullPointerException">java.lang.NullPointerException
	at Amezon_Test.tc_04(Amezon_Test.java:35)
</failure>
  </testcase>
  <testcase classname="Amezon_Test" name="tc_05" time="0">
    <failure type="java.lang.NullPointerException">java.lang.NullPointerException
	at Amezon_Test.tc_05(Amezon_Test.java:46)
</failure>
  </testcase>
  <testcase classname="Amezon_Test" name="tc_06" time="0.001">
    <failure type="java.lang.NullPointerException">java.lang.NullPointerException
	at Amezon_Test.tc_06(Amezon_Test.java:57)
</failure>
  </testcase>
  <testcase classname="Amezon_Test" name="tc_07" time="0.004">
    <failure type="java.lang.NullPointerException">java.lang.NullPointerException
	at Amezon_Test.tc_07(Amezon_Test.java:68)
</failure>
  </testcase>
  <testcase classname="Amezon_Test" name="tc_09" time="0.001">
    <failure type="java.lang.NullPointerException">java.lang.NullPointerException
	at Amezon_Test.tc_09(Amezon_Test.java:80)
</failure>
  </testcase>
  <testcase classname="Amezon_Test" name="tc_10" time="0.001">
    <failure type="java.lang.NullPointerException">java.lang.NullPointerException
	at Amezon_Test.tc_10(Amezon_Test.java:91)
</failure>
  </testcase>
  <testcase classname="Amezon_Test" name="tc_11" time="0.004">
    <failure type="java.lang.NullPointerException">java.lang.NullPointerException
	at Amezon_Test.tc_11(Amezon_Test.java:104)
</failure>
  </testcase>
  <testcase classname="Test_Cses_EMI" name="tc_01" time="0.001">
    <failure message="Unresolved compilation problem: 
	Cannot switch on a value of type String for source level below 1.7. Only convertible int values or enum variables are permitted
" type="java.lang.Error">java.lang.Error: Unresolved compilation problem: 
	Cannot switch on a value of type String for source level below 1.7. Only convertible int values or enum variables are permitted

	at Keyword.Keyword.openBrowser(Keyword.java:44)
	at Test_Cses_EMI.tc_01(Test_Cses_EMI.java:15)
</failure>
  </testcase>
  <testcase classname="Test_Cses_EMI" name="tc_02" time="0.001">
    <failure type="java.lang.NullPointerException">java.lang.NullPointerException
	at Keyword.Keyword.openURL(Keyword.java:60)
	at Test_Cses_EMI.tc_02(Test_Cses_EMI.java:19)
</failure>
  </testcase>
  <testcase classname="Test_Cses_EMI" name="tc_03" time="0.001">
    <failure message="Unresolved compilation problem: 
	Cannot switch on a value of type String for source level below 1.7. Only convertible int values or enum variables are permitted
" type="java.lang.Error">java.lang.Error: Unresolved compilation problem: 
	Cannot switch on a value of type String for source level below 1.7. Only convertible int values or enum variables are permitted

	at Keyword.Keyword.getWebElement(Keyword.java:18)
	at Keyword.Keyword.clickOnElement(Keyword.java:68)
	at Test_Cses_EMI.tc_03(Test_Cses_EMI.java:23)
</failure>
  </testcase>
  <testcase classname="Test_Cses_EMI" name="tc_4" time="0.002">
    <failure type="java.lang.NullPointerException">java.lang.NullPointerException
	at Test_Cses_EMI.tc_4(Test_Cses_EMI.java:27)
</failure>
  </testcase>
  <testcase classname="Test_Cses_EMI" name="tc_5" time="0.001">
    <failure type="java.lang.NullPointerException">java.lang.NullPointerException
	at Test_Cses_EMI.tc_5(Test_Cses_EMI.java:39)
</failure>
  </testcase>
  <testcase classname="Test_Cses_EMI" name="tc_6" time="0.001">
    <failure type="java.lang.NullPointerException">java.lang.NullPointerException
	at Test_Cses_EMI.tc_6(Test_Cses_EMI.java:54)
</failure>
  </testcase>
  <testcase classname="Test_Cses_EMI" name="tc_7" time="0.001">
    <failure type="java.lang.NullPointerException">java.lang.NullPointerException
	at Test_Cses_EMI.tc_7(Test_Cses_EMI.java:67)
</failure>
  </testcase>
</testsuite>